{
  "RSpec": {
    "coverage": {
      "/Users/samschlinkert/Documents/code/flatiron/labs/week7/auction-app-team-cubs/app/models/auction.rb": [
        1,
        null,
        1,
        1,
        1,
        null,
        1,
        null,
        null,
        null,
        null,
        1,
        0,
        null,
        null,
        1,
        4,
        null,
        null,
        null,
        null,
        null,
        null,
        null,
        null
      ],
      "/Users/samschlinkert/Documents/code/flatiron/labs/week7/auction-app-team-cubs/app/models/user.rb": [
        1,
        1,
        1,
        1,
        null
      ],
      "/Users/samschlinkert/Documents/code/flatiron/labs/week7/auction-app-team-cubs/app/controllers/auctions_controller.rb": [
        1,
        1,
        1,
        null,
        null,
        null,
        null,
        1,
        1,
        null,
        null,
        null,
        null,
        1,
        null,
        null,
        null,
        1,
        6,
        null,
        null,
        null,
        1,
        null,
        null,
        null,
        null,
        1,
        4,
        null,
        4,
        null,
        4,
        null,
        4,
        4,
        4,
        2,
        null,
        4,
        2,
        null,
        null,
        null,
        null,
        null,
        1,
        null,
        2,
        2,
        2,
        null,
        0,
        null,
        null,
        null,
        1,
        0,
        0,
        null,
        0,
        null,
        null,
        null,
        1,
        0,
        0,
        null,
        0,
        null,
        null,
        1,
        null,
        1,
        25,
        null,
        null,
        null,
        1,
        6,
        null,
        null
      ],
      "/Users/samschlinkert/Documents/code/flatiron/labs/week7/auction-app-team-cubs/app/controllers/application_controller.rb": [
        1,
        null,
        null,
        1,
        null,
        null,
        1,
        34,
        null,
        null,
        1,
        73,
        null,
        null,
        1,
        null,
        1,
        65,
        null,
        null,
        1,
        null,
        1,
        0,
        null,
        null,
        1,
        0,
        null,
        null,
        1,
        14,
        null,
        1,
        null,
        1,
        14,
        null,
        1,
        null,
        1,
        30,
        null,
        1,
        null,
        1,
        0,
        null,
        1,
        null
      ],
      "/Users/samschlinkert/Documents/code/flatiron/labs/week7/auction-app-team-cubs/app/controllers/bids_controller.rb": [
        1,
        1,
        null,
        1,
        6,
        6,
        null,
        null,
        null,
        null,
        null,
        null,
        6,
        null,
        4,
        4,
        null,
        0,
        null,
        null,
        2,
        null,
        null,
        null,
        1,
        7,
        null,
        null,
        1,
        0,
        null,
        null
      ],
      "/Users/samschlinkert/Documents/code/flatiron/labs/week7/auction-app-team-cubs/app/controllers/sessions_controller.rb": [
        1,
        null,
        1,
        null,
        null,
        1,
        0,
        0,
        0,
        0,
        null,
        null,
        null,
        1,
        0,
        0,
        null,
        null
      ]
    },
    "timestamp": 1395171909
  }
}
