{
  "RSpec": {
    "coverage": {
      "/Users/samschlinkert/Documents/code/flatiron/labs/week7/auction-app-team-cubs/app/controllers/auctions_controller.rb": [
        1,
        1,
        1,
        null,
        null,
        null,
        null,
        1,
        2,
        null,
        null,
        null,
        null,
        1,
        null,
        null,
        null,
        1,
        4,
        null,
        null,
        null,
        1,
        null,
        null,
        null,
        null,
        1,
        7,
        null,
        7,
        null,
        7,
        null,
        7,
        7,
        6,
        3,
        null,
        8,
        4,
        null,
        null,
        null,
        null,
        null,
        1,
        null,
        5,
        3,
        3,
        null,
        2,
        null,
        null,
        null,
        1,
        5,
        4,
        null,
        1,
        null,
        null,
        null,
        1,
        null,
        1,
        28,
        null,
        null,
        null,
        1,
        10,
        null,
        null
      ],
      "/Users/samschlinkert/Documents/code/flatiron/labs/week7/auction-app-team-cubs/app/controllers/application_controller.rb": [
        1,
        null,
        null,
        1,
        null,
        null,
        1,
        38,
        null,
        null,
        1,
        58,
        null,
        null,
        1,
        null,
        1,
        15,
        null,
        null,
        1,
        0,
        null,
        null,
        1,
        0,
        null,
        null,
        1,
        null,
        null
      ],
      "/Users/samschlinkert/Documents/code/flatiron/labs/week7/auction-app-team-cubs/app/controllers/bids_controller.rb": [
        1,
        1,
        null,
        1,
        7,
        7,
        null,
        null,
        null,
        null,
        null,
        null,
        7,
        null,
        4,
        4,
        null,
        0,
        null,
        null,
        3,
        null,
        null,
        null,
        1,
        5,
        null,
        null,
        1,
        6,
        null,
        null
      ],
      "/Users/samschlinkert/Documents/code/flatiron/labs/week7/auction-app-team-cubs/app/controllers/sessions_controller.rb": [
        1,
        null,
        1,
        null,
        null,
        1,
        0,
        0,
        0,
        0,
        null,
        null,
        null,
        1,
        0,
        0,
        null,
        null
      ],
      "/Users/samschlinkert/Documents/code/flatiron/labs/week7/auction-app-team-cubs/app/controllers/users_controller.rb": [
        1,
        1,
        0,
        null,
        null,
        1,
        0,
        0,
        0,
        0,
        null,
        0,
        null,
        null,
        null,
        1,
        1,
        0,
        null,
        null,
        null
      ],
      "/Users/samschlinkert/Documents/code/flatiron/labs/week7/auction-app-team-cubs/app/models/auction.rb": [
        1,
        null,
        1,
        1,
        1,
        null,
        null,
        null,
        1,
        0,
        null,
        null,
        1,
        7,
        null,
        null,
        null,
        null,
        null,
        null,
        null,
        null
      ],
      "/Users/samschlinkert/Documents/code/flatiron/labs/week7/auction-app-team-cubs/app/models/user.rb": [
        1,
        1,
        1,
        1,
        null
      ]
    },
    "timestamp": 1395159063
  }
}
